mode: atomic
github.com/nnikolov3/ai-tokenizer/tokenizer.go:17.32,21.2 1 9
github.com/nnikolov3/ai-tokenizer/tokenizer.go:24.71,28.2 1 6
github.com/nnikolov3/ai-tokenizer/tokenizer.go:31.53,32.19 1 30
github.com/nnikolov3/ai-tokenizer/tokenizer.go:32.19,34.3 1 3
github.com/nnikolov3/ai-tokenizer/tokenizer.go:37.2,38.16 2 27
github.com/nnikolov3/ai-tokenizer/tokenizer.go:38.16,41.3 1 1
github.com/nnikolov3/ai-tokenizer/tokenizer.go:43.2,44.16 2 26
github.com/nnikolov3/ai-tokenizer/tokenizer.go:44.16,47.3 1 0
github.com/nnikolov3/ai-tokenizer/tokenizer.go:49.2,49.20 1 26
github.com/nnikolov3/ai-tokenizer/tokenizer.go:53.75,57.2 1 12
github.com/nnikolov3/ai-tokenizer/tokenizer.go:60.73,62.2 1 5
github.com/nnikolov3/ai-tokenizer/tokenizer.go:65.93,66.19 1 6
github.com/nnikolov3/ai-tokenizer/tokenizer.go:66.19,68.3 1 1
github.com/nnikolov3/ai-tokenizer/tokenizer.go:70.2,71.16 2 5
github.com/nnikolov3/ai-tokenizer/tokenizer.go:71.16,73.3 1 2
github.com/nnikolov3/ai-tokenizer/tokenizer.go:75.2,76.16 2 3
github.com/nnikolov3/ai-tokenizer/tokenizer.go:76.16,78.3 1 0
github.com/nnikolov3/ai-tokenizer/tokenizer.go:80.2,80.25 1 3
github.com/nnikolov3/ai-tokenizer/tokenizer.go:84.102,85.19 1 6
github.com/nnikolov3/ai-tokenizer/tokenizer.go:85.19,87.3 1 1
github.com/nnikolov3/ai-tokenizer/tokenizer.go:89.2,90.16 2 5
github.com/nnikolov3/ai-tokenizer/tokenizer.go:90.16,92.3 1 2
github.com/nnikolov3/ai-tokenizer/tokenizer.go:94.2,95.16 2 3
github.com/nnikolov3/ai-tokenizer/tokenizer.go:95.16,97.3 1 0
github.com/nnikolov3/ai-tokenizer/tokenizer.go:99.2,99.25 1 3
github.com/nnikolov3/ai-tokenizer/tokenizer.go:103.55,107.2 2 8
github.com/nnikolov3/ai-tokenizer/cmd/ai-tokenizer/main.go:66.13,69.17 2 0
github.com/nnikolov3/ai-tokenizer/cmd/ai-tokenizer/main.go:69.17,72.3 2 0
github.com/nnikolov3/ai-tokenizer/cmd/ai-tokenizer/main.go:74.2,74.19 1 0
github.com/nnikolov3/ai-tokenizer/cmd/ai-tokenizer/main.go:74.19,77.3 2 0
github.com/nnikolov3/ai-tokenizer/cmd/ai-tokenizer/main.go:79.2,79.19 1 0
github.com/nnikolov3/ai-tokenizer/cmd/ai-tokenizer/main.go:79.19,82.3 2 0
github.com/nnikolov3/ai-tokenizer/cmd/ai-tokenizer/main.go:84.2,84.21 1 0
github.com/nnikolov3/ai-tokenizer/cmd/ai-tokenizer/main.go:84.21,87.3 2 0
github.com/nnikolov3/ai-tokenizer/cmd/ai-tokenizer/main.go:89.2,89.18 1 0
github.com/nnikolov3/ai-tokenizer/cmd/ai-tokenizer/main.go:89.18,92.3 2 0
github.com/nnikolov3/ai-tokenizer/cmd/ai-tokenizer/main.go:94.2,94.12 1 0
github.com/nnikolov3/ai-tokenizer/cmd/ai-tokenizer/main.go:97.26,113.2 14 3
github.com/nnikolov3/ai-tokenizer/cmd/ai-tokenizer/main.go:115.29,116.20 1 0
github.com/nnikolov3/ai-tokenizer/cmd/ai-tokenizer/main.go:116.20,119.3 2 0
github.com/nnikolov3/ai-tokenizer/cmd/ai-tokenizer/main.go:121.2,124.24 3 0
github.com/nnikolov3/ai-tokenizer/cmd/ai-tokenizer/main.go:124.24,128.3 2 0
github.com/nnikolov3/ai-tokenizer/cmd/ai-tokenizer/main.go:128.8,132.3 2 0
github.com/nnikolov3/ai-tokenizer/cmd/ai-tokenizer/main.go:134.2,134.16 1 0
github.com/nnikolov3/ai-tokenizer/cmd/ai-tokenizer/main.go:134.16,137.3 2 0
github.com/nnikolov3/ai-tokenizer/cmd/ai-tokenizer/main.go:139.2,146.32 2 0
github.com/nnikolov3/ai-tokenizer/cmd/ai-tokenizer/main.go:149.29,150.20 1 0
github.com/nnikolov3/ai-tokenizer/cmd/ai-tokenizer/main.go:150.20,153.3 2 0
github.com/nnikolov3/ai-tokenizer/cmd/ai-tokenizer/main.go:156.2,158.37 3 0
github.com/nnikolov3/ai-tokenizer/cmd/ai-tokenizer/main.go:158.37,160.21 2 0
github.com/nnikolov3/ai-tokenizer/cmd/ai-tokenizer/main.go:160.21,161.12 1 0
github.com/nnikolov3/ai-tokenizer/cmd/ai-tokenizer/main.go:163.3,165.17 3 0
github.com/nnikolov3/ai-tokenizer/cmd/ai-tokenizer/main.go:165.17,168.4 2 0
github.com/nnikolov3/ai-tokenizer/cmd/ai-tokenizer/main.go:169.3,169.45 1 0
github.com/nnikolov3/ai-tokenizer/cmd/ai-tokenizer/main.go:172.2,175.24 3 0
github.com/nnikolov3/ai-tokenizer/cmd/ai-tokenizer/main.go:175.24,179.3 2 0
github.com/nnikolov3/ai-tokenizer/cmd/ai-tokenizer/main.go:179.8,183.3 2 0
github.com/nnikolov3/ai-tokenizer/cmd/ai-tokenizer/main.go:185.2,185.16 1 0
github.com/nnikolov3/ai-tokenizer/cmd/ai-tokenizer/main.go:185.16,188.3 2 0
github.com/nnikolov3/ai-tokenizer/cmd/ai-tokenizer/main.go:190.2,198.32 2 0
github.com/nnikolov3/ai-tokenizer/cmd/ai-tokenizer/main.go:201.31,202.20 1 0
github.com/nnikolov3/ai-tokenizer/cmd/ai-tokenizer/main.go:202.20,205.3 2 0
github.com/nnikolov3/ai-tokenizer/cmd/ai-tokenizer/main.go:207.2,211.24 4 0
github.com/nnikolov3/ai-tokenizer/cmd/ai-tokenizer/main.go:211.24,215.3 2 0
github.com/nnikolov3/ai-tokenizer/cmd/ai-tokenizer/main.go:215.8,219.3 2 0
github.com/nnikolov3/ai-tokenizer/cmd/ai-tokenizer/main.go:221.2,221.16 1 0
github.com/nnikolov3/ai-tokenizer/cmd/ai-tokenizer/main.go:221.16,224.3 1 0
github.com/nnikolov3/ai-tokenizer/cmd/ai-tokenizer/main.go:226.2,232.20 2 0
github.com/nnikolov3/ai-tokenizer/cmd/ai-tokenizer/main.go:232.20,235.3 2 0
github.com/nnikolov3/ai-tokenizer/cmd/ai-tokenizer/main.go:235.8,235.38 1 0
github.com/nnikolov3/ai-tokenizer/cmd/ai-tokenizer/main.go:235.38,238.3 2 0
github.com/nnikolov3/ai-tokenizer/cmd/ai-tokenizer/main.go:240.2,240.32 1 0
github.com/nnikolov3/ai-tokenizer/cmd/ai-tokenizer/main.go:243.31,244.20 1 0
github.com/nnikolov3/ai-tokenizer/cmd/ai-tokenizer/main.go:244.20,247.3 2 0
github.com/nnikolov3/ai-tokenizer/cmd/ai-tokenizer/main.go:249.2,251.20 3 0
github.com/nnikolov3/ai-tokenizer/cmd/ai-tokenizer/main.go:251.20,252.21 1 0
github.com/nnikolov3/ai-tokenizer/cmd/ai-tokenizer/main.go:252.21,254.4 1 0
github.com/nnikolov3/ai-tokenizer/cmd/ai-tokenizer/main.go:254.9,256.4 1 0
github.com/nnikolov3/ai-tokenizer/cmd/ai-tokenizer/main.go:259.2,259.20 1 0
github.com/nnikolov3/ai-tokenizer/cmd/ai-tokenizer/main.go:259.20,261.3 1 0
github.com/nnikolov3/ai-tokenizer/cmd/ai-tokenizer/main.go:263.2,274.32 3 0
github.com/nnikolov3/ai-tokenizer/cmd/ai-tokenizer/main.go:277.84,279.16 2 3
github.com/nnikolov3/ai-tokenizer/cmd/ai-tokenizer/main.go:279.16,281.3 1 1
github.com/nnikolov3/ai-tokenizer/cmd/ai-tokenizer/main.go:282.2,282.27 1 2
github.com/nnikolov3/ai-tokenizer/cmd/ai-tokenizer/main.go:285.93,287.16 2 3
github.com/nnikolov3/ai-tokenizer/cmd/ai-tokenizer/main.go:287.16,289.3 1 1
github.com/nnikolov3/ai-tokenizer/cmd/ai-tokenizer/main.go:290.2,290.27 1 2
github.com/nnikolov3/ai-tokenizer/cmd/ai-tokenizer/main.go:293.78,295.16 2 3
github.com/nnikolov3/ai-tokenizer/cmd/ai-tokenizer/main.go:295.16,297.3 1 1
github.com/nnikolov3/ai-tokenizer/cmd/ai-tokenizer/main.go:298.2,298.31 1 2
github.com/nnikolov3/ai-tokenizer/cmd/ai-tokenizer/main.go:301.87,303.16 2 3
github.com/nnikolov3/ai-tokenizer/cmd/ai-tokenizer/main.go:303.16,305.3 1 1
github.com/nnikolov3/ai-tokenizer/cmd/ai-tokenizer/main.go:306.2,306.31 1 2
github.com/nnikolov3/ai-tokenizer/cmd/ai-tokenizer/main.go:309.76,311.16 2 3
github.com/nnikolov3/ai-tokenizer/cmd/ai-tokenizer/main.go:311.16,313.3 1 1
github.com/nnikolov3/ai-tokenizer/cmd/ai-tokenizer/main.go:314.2,314.26 1 2
github.com/nnikolov3/ai-tokenizer/cmd/ai-tokenizer/main.go:317.85,319.16 2 3
github.com/nnikolov3/ai-tokenizer/cmd/ai-tokenizer/main.go:319.16,321.3 1 1
github.com/nnikolov3/ai-tokenizer/cmd/ai-tokenizer/main.go:322.2,322.26 1 2
github.com/nnikolov3/ai-tokenizer/cmd/ai-tokenizer/main.go:325.38,329.2 1 4
github.com/nnikolov3/ai-tokenizer/cmd/ai-tokenizer/main.go:331.80,335.20 2 3
github.com/nnikolov3/ai-tokenizer/cmd/ai-tokenizer/main.go:335.20,339.3 2 0
github.com/nnikolov3/ai-tokenizer/cmd/ai-tokenizer/main.go:339.8,341.3 1 3
github.com/nnikolov3/ai-tokenizer/cmd/ai-tokenizer/main.go:344.2,349.29 5 3
github.com/nnikolov3/ai-tokenizer/cmd/ai-tokenizer/main.go:349.29,351.22 2 20
github.com/nnikolov3/ai-tokenizer/cmd/ai-tokenizer/main.go:351.22,353.4 1 18
github.com/nnikolov3/ai-tokenizer/cmd/ai-tokenizer/main.go:354.3,359.51 3 20
github.com/nnikolov3/ai-tokenizer/cmd/ai-tokenizer/main.go:359.51,368.4 3 3
github.com/nnikolov3/ai-tokenizer/cmd/ai-tokenizer/main.go:368.9,370.4 1 17
github.com/nnikolov3/ai-tokenizer/cmd/ai-tokenizer/main.go:374.2,374.24 1 3
github.com/nnikolov3/ai-tokenizer/cmd/ai-tokenizer/main.go:374.24,380.3 1 2
github.com/nnikolov3/ai-tokenizer/cmd/ai-tokenizer/main.go:382.2,382.15 1 3
github.com/nnikolov3/ai-tokenizer/cmd/ai-tokenizer/main.go:385.55,407.55 2 4
github.com/nnikolov3/ai-tokenizer/cmd/ai-tokenizer/main.go:407.55,409.3 1 3
github.com/nnikolov3/ai-tokenizer/cmd/ai-tokenizer/main.go:412.2,412.95 1 1
github.com/nnikolov3/ai-tokenizer/cmd/ai-tokenizer/main.go:415.55,416.13 1 2
github.com/nnikolov3/ai-tokenizer/cmd/ai-tokenizer/main.go:416.13,418.17 2 1
github.com/nnikolov3/ai-tokenizer/cmd/ai-tokenizer/main.go:418.17,421.4 2 0
github.com/nnikolov3/ai-tokenizer/cmd/ai-tokenizer/main.go:422.3,422.30 1 1
github.com/nnikolov3/ai-tokenizer/cmd/ai-tokenizer/main.go:423.8,425.28 2 1
github.com/nnikolov3/ai-tokenizer/cmd/ai-tokenizer/main.go:425.28,427.4 1 0
github.com/nnikolov3/ai-tokenizer/cmd/ai-tokenizer/main.go:428.3,430.29 2 1
github.com/nnikolov3/ai-tokenizer/cmd/ai-tokenizer/main.go:430.29,432.4 1 0
github.com/nnikolov3/ai-tokenizer/cmd/ai-tokenizer/main.go:434.3,434.31 1 1
github.com/nnikolov3/ai-tokenizer/cmd/ai-tokenizer/main.go:434.31,436.4 1 0
github.com/nnikolov3/ai-tokenizer/cmd/ai-tokenizer/main.go:438.3,438.24 1 1
github.com/nnikolov3/ai-tokenizer/cmd/ai-tokenizer/main.go:438.24,440.27 2 1
github.com/nnikolov3/ai-tokenizer/cmd/ai-tokenizer/main.go:440.27,442.5 1 1
github.com/nnikolov3/ai-tokenizer/cmd/ai-tokenizer/main.go:442.10,444.5 1 0
github.com/nnikolov3/ai-tokenizer/cmd/ai-tokenizer/main.go:447.3,447.29 1 1
github.com/nnikolov3/ai-tokenizer/cmd/ai-tokenizer/main.go:447.29,449.40 2 0
github.com/nnikolov3/ai-tokenizer/cmd/ai-tokenizer/main.go:449.40,451.5 1 0
github.com/nnikolov3/ai-tokenizer/cmd/ai-tokenizer/main.go:456.43,457.13 1 0
github.com/nnikolov3/ai-tokenizer/cmd/ai-tokenizer/main.go:457.13,461.3 3 0
github.com/nnikolov3/ai-tokenizer/cmd/ai-tokenizer/main.go:461.8,463.3 1 0
github.com/nnikolov3/ai-tokenizer/cmd/ai-tokenizer/main.go:464.2,464.12 1 0
github.com/nnikolov3/ai-tokenizer/cmd/ai-tokenizer/main.go:467.17,527.2 1 0
